--- Startup times for process: Primary (or UI client) ---

times in msec
 clock   self+sourced   self:  sourced script
 clock   elapsed:              other lines

000.001  000.001: --- NVIM STARTING ---
000.095  000.095: event init
000.271  000.176: early init
000.794  000.523: locale set
000.828  000.034: init first window
001.456  000.627: inits 1
001.465  000.010: window checked
001.470  000.004: parsing arguments
002.091  000.053  000.053: require('vim.shared')
002.205  000.046  000.046: require('vim.inspect')
002.260  000.044  000.044: require('vim._options')
002.263  000.166  000.076: require('vim._editor')
002.265  000.261  000.041: require('vim._init_packages')
002.267  000.536: init lua interpreter
005.047  002.781: nvim_ui_attach
005.493  000.446: nvim_set_client_info
005.495  000.002: --- NVIM STARTED ---

--- Startup times for process: Embedded ---

times in msec
 clock   self+sourced   self:  sourced script
 clock   elapsed:              other lines

000.000  000.000: --- NVIM STARTING ---
000.089  000.089: event init
000.239  000.149: early init
000.639  000.400: locale set
000.666  000.028: init first window
001.089  000.423: inits 1
001.105  000.016: window checked
001.109  000.004: parsing arguments
001.582  000.041  000.041: require('vim.shared')
001.668  000.035  000.035: require('vim.inspect')
001.708  000.032  000.032: require('vim._options')
001.710  000.125  000.059: require('vim._editor')
001.712  000.196  000.030: require('vim._init_packages')
001.713  000.408: init lua interpreter
003.758  002.044: expanding arguments
003.770  000.013: inits 2
004.067  000.296: init highlight
004.068  000.001: waiting for UI
004.202  000.135: done waiting for UI
004.206  000.004: clear screen
004.336  000.015  000.015: require('vim.keymap')
005.674  000.185  000.185: sourcing nvim_exec2()
005.821  001.613  001.413: require('vim._defaults')
005.823  000.004: init default mappings & autocommands
006.464  000.056  000.056: sourcing /opt/homebrew/Cellar/neovim/0.11.1/share/nvim/runtime/ftplugin.vim
006.577  000.028  000.028: sourcing /opt/homebrew/Cellar/neovim/0.11.1/share/nvim/runtime/indent.vim
007.225  000.004  000.004: sourcing nvim_exec2() called at /Users/luiz/.config/nvim/init.lua:0
007.412  000.365  000.361: require('luiz.core.options')
007.911  000.497  000.497: require('luiz.core.keymaps')
007.913  001.149  000.287: require('luiz.core')
008.847  000.695  000.695: require('lazy')
008.874  000.013  000.013: require('ffi')
008.931  000.032  000.032: require('vim.fs')
009.181  000.247  000.247: require('vim.uri')
009.192  000.316  000.037: require('vim.loader')
009.470  000.256  000.256: require('lazy.stats')
009.700  000.180  000.180: require('lazy.core.util')
009.960  000.257  000.257: require('lazy.core.config')
010.333  000.187  000.187: require('lazy.core.handler')
011.031  000.189  000.189: require('lazy.pkg')
011.037  000.412  000.223: require('lazy.core.meta')
011.044  000.709  000.297: require('lazy.core.plugin')
011.052  001.090  000.195: require('lazy.core.loader')
011.735  000.263  000.263: require('lazy.core.fragments')
016.786  000.170  000.170: require('lazy.core.handler.event')
016.954  000.165  000.165: require('lazy.core.handler.ft')
017.111  000.149  000.149: require('lazy.core.handler.keys')
017.272  000.158  000.158: require('lazy.core.handler.cmd')
018.488  000.181  000.181: sourcing nvim_exec2() called at /opt/homebrew/Cellar/neovim/0.11.1/share/nvim/runtime/filetype.lua:0
018.491  000.270  000.089: sourcing /opt/homebrew/Cellar/neovim/0.11.1/share/nvim/runtime/filetype.lua
018.494  000.341  000.071: sourcing nvim_exec2() called at /Users/luiz/.config/nvim/init.lua:0
018.924  000.029  000.029: sourcing /Users/luiz/.local/share/nvim/lazy/nvim-web-devicons/plugin/nvim-web-devicons.vim
018.927  000.092  000.063: sourcing nvim_exec2() called at /Users/luiz/.config/nvim/init.lua:0
018.933  000.001  000.001: sourcing nvim_exec2() called at /Users/luiz/.config/nvim/init.lua:0
018.940  000.001  000.001: sourcing nvim_exec2() called at /Users/luiz/.config/nvim/init.lua:0
020.031  000.925  000.925: require('nvim-tree.commands')
020.299  001.252  000.327: sourcing /Users/luiz/.local/share/nvim/lazy/nvim-tree.lua/plugin/nvim-tree.lua
020.304  001.315  000.062: sourcing nvim_exec2() called at /Users/luiz/.config/nvim/init.lua:0
020.319  000.002  000.002: sourcing nvim_exec2() called at /Users/luiz/.config/nvim/init.lua:0
020.327  000.001  000.001: sourcing nvim_exec2() called at /Users/luiz/.config/nvim/init.lua:0
020.940  000.256  000.256: require('nvim-tree.log')
021.667  000.246  000.246: require('nvim-tree.notify')
021.679  000.428  000.183: require('nvim-tree.events')
022.054  000.375  000.375: require('nvim-tree.utils')
022.075  001.133  000.330: require('nvim-tree.view')
022.577  000.130  000.130: require('nvim-tree.core')
022.832  000.122  000.122: require('nvim-tree.git.utils')
023.009  000.175  000.175: require('nvim-tree.renderer.components.devicons')
023.188  000.175  000.175: require('nvim-tree.iterators.node-iterator')
023.492  000.120  000.120: require('nvim-tree.classic')
023.497  000.308  000.188: require('nvim-tree.node')
023.504  000.926  000.145: require('nvim-tree.node.directory')
023.506  001.176  000.120: require('nvim-tree.actions.finders.find-file')
023.629  000.122  000.122: require('nvim-tree.actions.finders.search-node')
023.631  001.416  000.118: require('nvim-tree.actions.finders')
023.975  000.115  000.115: require('nvim-tree.node.file')
023.978  000.231  000.115: require('nvim-tree.actions.fs.create-file')
024.207  000.115  000.115: require('nvim-tree.lib')
024.477  000.151  000.151: require('nvim-tree.node.link')
024.531  000.323  000.173: require('nvim-tree.node.directory-link')
024.534  000.555  000.117: require('nvim-tree.actions.fs.remove-file')
024.662  000.126  000.126: require('nvim-tree.actions.fs.rename-file')
024.777  000.114  000.114: require('nvim-tree.actions.fs.trash')
024.778  001.147  000.121: require('nvim-tree.actions.fs')
025.131  000.111  000.111: require('nvim-tree.diagnostics')
025.133  000.222  000.111: require('nvim-tree.actions.moves.item')
025.239  000.105  000.105: require('nvim-tree.actions.moves.parent')
025.346  000.105  000.105: require('nvim-tree.actions.moves.sibling')
025.348  000.568  000.135: require('nvim-tree.actions.moves')
025.569  000.113  000.113: require('nvim-tree.actions.node.file-popup')
025.813  000.115  000.115: require('nvim-tree.renderer.components.full-name')
025.816  000.246  000.131: require('nvim-tree.actions.node.open-file')
025.923  000.106  000.106: require('nvim-tree.actions.node.run-command')
026.032  000.107  000.107: require('nvim-tree.actions.node.system-open')
026.137  000.104  000.104: require('nvim-tree.actions.node.buffer')
026.138  000.789  000.114: require('nvim-tree.actions.node')
026.399  000.154  000.154: require('nvim-tree.actions.tree.find-file')
026.560  000.160  000.160: require('nvim-tree.actions.tree.collapse')
026.664  000.103  000.103: require('nvim-tree.actions.tree.open')
026.769  000.104  000.104: require('nvim-tree.actions.tree.toggle')
026.872  000.102  000.102: require('nvim-tree.actions.tree.resize')
026.874  000.735  000.112: require('nvim-tree.actions.tree')
026.876  004.800  000.146: require('nvim-tree.actions')
027.140  000.004  000.004: require('vim.F')
027.180  000.294  000.290: require('vim.diagnostic')
027.202  006.871  000.388: require('nvim-tree')
027.352  000.115  000.115: require('nvim-tree.legacy')
027.734  000.038  000.038: sourcing nvim_exec2() called at /Users/luiz/.config/nvim/init.lua:0
027.743  000.005  000.005: sourcing nvim_exec2() called at /Users/luiz/.config/nvim/init.lua:0
027.876  000.123  000.123: require('nvim-tree.keymap')
028.058  000.181  000.181: require('nvim-tree.appearance')
028.677  000.153  000.153: require('nvim-tree.buffers')
028.964  000.137  000.137: require('nvim-tree.git.runner')
029.105  000.139  000.139: require('nvim-tree.watcher')
029.110  000.432  000.155: require('nvim-tree.git')
029.347  000.129  000.129: require('nvim-tree.node.file-link')
029.349  000.238  000.108: require('nvim-tree.node.factory')
029.456  000.106  000.106: require('nvim-tree.node.root')
029.725  000.138  000.138: require('nvim-tree.enum')
029.732  000.275  000.137: require('nvim-tree.explorer.filters')
029.993  000.260  000.260: require('nvim-tree.marks')
030.139  000.145  000.145: require('nvim-tree.explorer.live-filter')
030.262  000.122  000.122: require('nvim-tree.explorer.sorter')
030.552  000.289  000.289: require('nvim-tree.actions.fs.clipboard')
031.395  000.133  000.133: require('nvim-tree.renderer.decorator')
031.400  000.391  000.258: require('nvim-tree.renderer.decorator.bookmarks')
031.567  000.166  000.166: require('nvim-tree.renderer.decorator.copied')
031.717  000.148  000.148: require('nvim-tree.renderer.decorator.cut')
031.871  000.152  000.152: require('nvim-tree.renderer.decorator.diagnostics')
032.032  000.160  000.160: require('nvim-tree.renderer.decorator.git')
032.158  000.124  000.124: require('nvim-tree.renderer.decorator.hidden')
032.328  000.116  000.116: require('nvim-tree.renderer.decorator.modified')
032.432  000.102  000.102: require('nvim-tree.renderer.decorator.opened')
032.555  000.122  000.122: require('nvim-tree.renderer.decorator.user')
032.671  000.115  000.115: require('nvim-tree.renderer.components.padding')
032.689  001.950  000.354: require('nvim-tree.renderer.builder')
032.695  002.142  000.192: require('nvim-tree.renderer')
032.705  004.359  000.198: require('nvim-tree.explorer')
032.819  000.114  000.114: require('nvim-tree.explorer.watch')
032.942  000.108  000.108: require('nvim-tree.renderer.components')
033.199  000.127  000.127: require('nvim-web-devicons.filetypes')
033.502  000.192  000.192: require('nvim-web-devicons.default.icons_by_filename')
033.786  000.283  000.283: require('nvim-web-devicons.default.icons_by_file_extension')
033.914  000.127  000.127: require('nvim-web-devicons.default.icons_by_operating_system')
034.016  000.101  000.101: require('nvim-web-devicons.default.icons_by_desktop_environment')
034.121  000.104  000.104: require('nvim-web-devicons.default.icons_by_window_manager')
034.122  000.912  000.106: require('nvim-web-devicons.icons-default')
034.291  001.346  000.307: require('nvim-web-devicons')
036.130  000.127  000.127: require('nvim-tree.help')
036.346  000.102  000.102: require('nvim-tree.appearance.hi-test')
036.405  000.274  000.172: require('nvim-tree.api')
037.600  000.157  000.157: require('nvim-ts-autotag._log')
037.745  000.144  000.144: require('nvim-ts-autotag.config.init')
038.792  000.136  000.136: require('vim.treesitter.language')
038.885  000.091  000.091: require('vim.func')
038.985  000.097  000.097: require('vim.func._memoize')
039.034  000.543  000.218: require('vim.treesitter.query')
039.144  000.109  000.109: require('vim.treesitter._range')
039.157  000.802  000.151: require('vim.treesitter.languagetree')
039.163  001.086  000.284: require('vim.treesitter')
039.166  001.194  000.108: require('nvim-ts-autotag.utils')
039.169  001.311  000.117: require('nvim-ts-autotag.config.ft')
039.171  001.425  000.114: require('nvim-ts-autotag.config.plugin')
039.177  001.961  000.235: require('nvim-ts-autotag.internal')
039.178  002.276  000.315: require('nvim-ts-autotag')
039.549  000.146  000.146: require('nvim-treesitter.utils')
040.713  001.163  001.163: require('nvim-treesitter.parsers')
041.141  000.096  000.096: require('nvim-treesitter.compat')
041.338  000.102  000.102: require('nvim-treesitter.ts_utils')
041.341  000.199  000.097: require('nvim-treesitter.tsrange')
041.438  000.095  000.095: require('nvim-treesitter.caching')
041.444  000.502  000.112: require('nvim-treesitter.query')
041.453  000.629  000.127: require('nvim-treesitter.configs')
041.455  000.741  000.112: require('nvim-treesitter.info')
041.562  000.107  000.107: require('nvim-treesitter.shell_command_selectors')
041.575  002.302  000.146: require('nvim-treesitter.install')
041.665  000.089  000.089: require('nvim-treesitter.statusline')
041.762  000.096  000.096: require('nvim-treesitter.query_predicates')
041.764  002.585  000.097: require('nvim-treesitter')
041.766  004.907  000.046: sourcing /Users/luiz/.local/share/nvim/lazy/nvim-ts-autotag/plugin/nvim-ts-autotag.lua
041.770  004.976  000.069: sourcing nvim_exec2() called at /Users/luiz/.config/nvim/init.lua:0
041.776  000.002  000.002: sourcing nvim_exec2() called at /Users/luiz/.config/nvim/init.lua:0
041.783  000.001  000.001: sourcing nvim_exec2() called at /Users/luiz/.config/nvim/init.lua:0
042.020  000.106  000.106: require('vim.iter')
042.572  000.704  000.597: sourcing /Users/luiz/.local/share/nvim/lazy/nvim-treesitter/plugin/nvim-treesitter.lua
042.575  000.753  000.049: sourcing nvim_exec2() called at /Users/luiz/.config/nvim/init.lua:0
042.581  000.001  000.001: sourcing nvim_exec2() called at /Users/luiz/.config/nvim/init.lua:0
042.587  000.001  000.001: sourcing nvim_exec2() called at /Users/luiz/.config/nvim/init.lua:0
044.023  000.103  000.103: require('nvim-treesitter.locals')
044.027  000.214  000.111: require('nvim-treesitter.incremental_selection')
044.164  000.092  000.092: require('nvim-treesitter.highlight')
044.296  000.123  000.123: require('nvim-treesitter.indent')
044.864  000.179  000.179: require('render-markdown.settings')
044.866  000.315  000.136: require('render-markdown')
044.960  000.092  000.092: require('render-markdown.lib.presets')
045.070  000.093  000.093: require('render-markdown.lib.compat')
045.245  000.082  000.082: require('render-markdown.lib.list')
045.249  000.177  000.095: require('render-markdown.lib.env')
045.601  000.082  000.082: require('render-markdown.lib.interval')
045.684  000.081  000.081: require('render-markdown.lib.str')
045.686  000.248  000.085: require('render-markdown.lib.line')
045.767  000.080  000.080: require('render-markdown.lib.resolved')
045.848  000.080  000.080: require('render-markdown.lib.iter')
045.849  000.500  000.091: require('render-markdown.lib.config')
045.851  000.599  000.099: require('render-markdown.state')
045.935  000.082  000.082: require('render-markdown.core.ts')
046.194  000.116  000.116: require('render-markdown.request.context')
046.299  000.104  000.104: require('render-markdown.core.log')
046.303  000.332  000.112: require('render-markdown.core.ui')
046.405  000.097  000.097: require('render-markdown.core.colors')
046.690  000.088  000.088: require('render-markdown.api')
046.692  000.193  000.106: require('render-markdown.core.command')
046.800  000.093  000.093: require('render-markdown.core.manager')
046.856  002.393  000.320: sourcing /Users/luiz/.local/share/nvim/lazy/render-markdown.nvim/plugin/render-markdown.lua
046.860  002.447  000.054: sourcing nvim_exec2() called at /Users/luiz/.config/nvim/init.lua:0
046.866  000.002  000.002: sourcing nvim_exec2() called at /Users/luiz/.config/nvim/init.lua:0
046.873  000.001  000.001: sourcing nvim_exec2() called at /Users/luiz/.config/nvim/init.lua:0
047.078  000.067  000.067: sourcing /Users/luiz/.local/share/nvim/lazy/vim-tmux-navigator/plugin/tmux_navigator.vim
047.081  000.120  000.053: sourcing nvim_exec2() called at /Users/luiz/.config/nvim/init.lua:0
047.084  000.001  000.001: sourcing nvim_exec2() called at /Users/luiz/.config/nvim/init.lua:0
047.090  000.001  000.001: sourcing nvim_exec2() called at /Users/luiz/.config/nvim/init.lua:0
047.480  000.123  000.123: sourcing /Users/luiz/.local/share/nvim/lazy/vim-floaterm/plugin/floaterm.vim
047.482  000.166  000.043: sourcing nvim_exec2() called at /Users/luiz/.config/nvim/init.lua:0
047.486  000.001  000.001: sourcing nvim_exec2() called at /Users/luiz/.config/nvim/init.lua:0
047.491  000.001  000.001: sourcing nvim_exec2() called at /Users/luiz/.config/nvim/init.lua:0
047.873  000.003  000.003: sourcing nvim_exec2() called at /Users/luiz/.config/nvim/init.lua:0
047.879  000.001  000.001: sourcing nvim_exec2() called at /Users/luiz/.config/nvim/init.lua:0
048.192  000.062  000.062: sourcing /Users/luiz/.local/share/nvim/lazy/mason-tool-installer.nvim/plugin/mason-tool-installer.lua
048.195  000.112  000.050: sourcing nvim_exec2() called at /Users/luiz/.config/nvim/init.lua:0
048.199  000.001  000.001: sourcing nvim_exec2() called at /Users/luiz/.config/nvim/init.lua:0
048.204  000.001  000.001: sourcing nvim_exec2() called at /Users/luiz/.config/nvim/init.lua:0
048.210  000.001  000.001: sourcing nvim_exec2() called at /Users/luiz/.config/nvim/init.lua:0
048.214  000.001  000.001: sourcing nvim_exec2() called at /Users/luiz/.config/nvim/init.lua:0
049.039  000.092  000.092: require('mason-core.path')
049.329  000.089  000.089: require('mason-core.functional.data')
049.478  000.147  000.147: require('mason-core.functional.function')
049.604  000.119  000.119: require('mason-core.functional.list')
049.703  000.094  000.094: require('mason-core.functional.relation')
049.793  000.088  000.088: require('mason-core.functional.logic')
049.957  000.161  000.161: require('mason-core.functional.number')
050.082  000.121  000.121: require('mason-core.functional.string')
050.204  000.120  000.120: require('mason-core.functional.table')
050.327  000.087  000.087: require('mason-core.functional.type')
050.329  001.187  000.161: require('mason-core.functional')
050.356  001.316  000.129: require('mason-core.platform')
050.461  000.104  000.104: require('mason.settings')
050.463  001.677  000.165: require('mason-core.installer.InstallLocation')
050.809  000.104  000.104: require('mason-core.log')
050.811  000.230  000.127: require('mason-core.EventEmitter')
050.942  000.130  000.130: require('mason-registry.sources')
050.946  000.482  000.121: require('mason-registry')
050.947  002.731  000.573: require('mason')
051.185  000.129  000.129: require('mason-lspconfig.settings')
051.187  000.239  000.110: require('mason-lspconfig')
051.375  000.083  000.083: require('mason.version')
051.380  000.193  000.109: require('mason-tool-installer')
051.852  000.116  000.116: require('mason.api.command')
051.954  000.095  000.095: require('mason-core.async')
052.132  000.092  000.092: require('mason-core.async.control')
052.220  000.087  000.087: require('mason-core.result')
052.396  000.083  000.083: require('mason-core.async.uv')
052.400  000.179  000.096: require('mason-core.fs')
052.408  000.453  000.095: require('mason-registry.installer')
052.869  000.141  000.141: require('mason-core.process')
052.958  000.087  000.087: require('mason-core.spawn')
052.960  000.313  000.085: require('mason-core.installer.managers.powershell')
052.961  000.400  000.086: require('mason-core.fetch')
053.049  000.087  000.087: require('mason-core.providers')
053.245  000.081  000.081: require('mason-core.optional')
053.589  000.150  000.150: require('mason-core.purl')
053.595  000.259  000.109: require('mason-core.package.AbstractPackage')
054.021  000.109  000.109: require('mason-core.installer.compiler.expr')
054.027  000.219  000.110: require('mason-core.installer.compiler.link')
054.527  000.101  000.101: require('mason-core.installer.context.InstallContextCwd')
054.648  000.120  000.120: require('mason-core.installer.context.InstallContextFs')
054.737  000.088  000.088: require('mason-core.installer.context.InstallContextSpawn')
054.844  000.105  000.105: require('mason-core.receipt')
054.855  000.540  000.126: require('mason-core.installer.context')
054.857  000.634  000.095: require('mason-core.installer')
054.872  000.759  000.124: require('mason-core.installer.managers.std')
054.873  000.845  000.086: require('mason-core.installer.compiler.schemas')
054.971  000.098  000.098: require('mason-core.installer.compiler.util')
054.980  001.287  000.125: require('mason-core.installer.compiler')
055.120  000.139  000.139: require('mason-core.installer.linker')
055.123  001.526  000.100: require('mason-core.installer.InstallRunner')
055.242  000.119  000.119: require('mason-core.installer.UninstallRunner')
055.251  002.005  000.101: require('mason-core.package')
055.253  002.203  000.117: require('mason-registry.sources.util')
055.259  002.789  000.100: require('mason-registry.sources.github')
055.561  000.100  000.100: require('mason-registry.sources.synthesized')
058.946  000.087  000.087: require('mason-lspconfig.mappings')
058.948  000.183  000.096: require('mason-lspconfig.features.automatic_enable')
064.763  000.121  000.121: require('vim.lsp.log')
065.418  000.653  000.653: require('vim.lsp.protocol')
065.603  000.184  000.184: require('vim.lsp.util')
065.772  000.081  000.081: require('vim.lsp.sync')
065.775  000.170  000.090: require('vim.lsp._changetracking')
066.139  000.084  000.084: require('vim.lsp._transport')
066.146  000.370  000.286: require('vim.lsp.rpc')
066.182  001.700  000.203: require('vim.lsp')
067.017  000.445  000.445: require('mason-lspconfig.lsp.pylsp')
068.146  000.079  000.079: require('mason-lspconfig.notify')
068.160  000.205  000.126: require('mason-lspconfig.api.command')
068.626  000.006  000.006: sourcing nvim_exec2() called at /Users/luiz/.config/nvim/init.lua:0
068.632  000.001  000.001: sourcing nvim_exec2() called at /Users/luiz/.config/nvim/init.lua:0
068.963  000.081  000.081: require('lualine_require')
069.175  000.541  000.461: require('lualine')
069.284  000.107  000.107: require('lazy.status')
069.443  000.007  000.007: sourcing nvim_exec2() called at /Users/luiz/.config/nvim/init.lua:0
069.689  000.006  000.006: sourcing nvim_exec2() called at /Users/luiz/.config/nvim/init.lua:0
069.697  000.003  000.003: sourcing nvim_exec2() called at /Users/luiz/.config/nvim/init.lua:0
069.702  000.002  000.002: sourcing nvim_exec2() called at /Users/luiz/.config/nvim/init.lua:0
069.706  000.001  000.001: sourcing nvim_exec2() called at /Users/luiz/.config/nvim/init.lua:0
069.710  000.002  000.002: sourcing nvim_exec2() called at /Users/luiz/.config/nvim/init.lua:0
069.714  000.001  000.001: sourcing nvim_exec2() called at /Users/luiz/.config/nvim/init.lua:0
069.717  000.001  000.001: sourcing nvim_exec2() called at /Users/luiz/.config/nvim/init.lua:0
069.722  000.002  000.002: sourcing nvim_exec2() called at /Users/luiz/.config/nvim/init.lua:0
069.726  000.002  000.002: sourcing nvim_exec2() called at /Users/luiz/.config/nvim/init.lua:0
069.730  000.001  000.001: sourcing nvim_exec2() called at /Users/luiz/.config/nvim/init.lua:0
069.734  000.002  000.002: sourcing nvim_exec2() called at /Users/luiz/.config/nvim/init.lua:0
069.737  000.001  000.001: sourcing nvim_exec2() called at /Users/luiz/.config/nvim/init.lua:0
069.740  000.001  000.001: sourcing nvim_exec2() called at /Users/luiz/.config/nvim/init.lua:0
069.744  000.002  000.002: sourcing nvim_exec2() called at /Users/luiz/.config/nvim/init.lua:0
069.858  000.002  000.002: sourcing nvim_exec2() called at /Users/luiz/.config/nvim/init.lua:0
069.865  000.001  000.001: sourcing nvim_exec2() called at /Users/luiz/.config/nvim/init.lua:0
069.886  000.002  000.002: sourcing nvim_exec2() called at /Users/luiz/.config/nvim/init.lua:0
069.889  000.001  000.001: sourcing nvim_exec2() called at /Users/luiz/.config/nvim/init.lua:0
069.891  000.001  000.001: sourcing nvim_exec2() called at /Users/luiz/.config/nvim/init.lua:0
069.898  000.005  000.005: sourcing nvim_exec2() called at /Users/luiz/.config/nvim/init.lua:0
070.645  000.089  000.089: require('lualine.utils.mode')
070.864  000.005  000.005: sourcing nvim_exec2() called at /Users/luiz/.config/nvim/init.lua:0
070.868  000.002  000.002: sourcing nvim_exec2() called at /Users/luiz/.config/nvim/init.lua:0
070.990  000.002  000.002: sourcing nvim_exec2() called at /Users/luiz/.config/nvim/init.lua:0
070.995  000.001  000.001: sourcing nvim_exec2() called at /Users/luiz/.config/nvim/init.lua:0
070.999  000.001  000.001: sourcing nvim_exec2() called at /Users/luiz/.config/nvim/init.lua:0
071.002  000.001  000.001: sourcing nvim_exec2() called at /Users/luiz/.config/nvim/init.lua:0
071.006  000.001  000.001: sourcing nvim_exec2() called at /Users/luiz/.config/nvim/init.lua:0
071.010  000.001  000.001: sourcing nvim_exec2() called at /Users/luiz/.config/nvim/init.lua:0
071.014  000.002  000.002: sourcing nvim_exec2() called at /Users/luiz/.config/nvim/init.lua:0
071.020  000.001  000.001: sourcing nvim_exec2() called at /Users/luiz/.config/nvim/init.lua:0
071.036  000.002  000.002: sourcing nvim_exec2() called at /Users/luiz/.config/nvim/init.lua:0
071.040  000.001  000.001: sourcing nvim_exec2() called at /Users/luiz/.config/nvim/init.lua:0
071.043  000.001  000.001: sourcing nvim_exec2() called at /Users/luiz/.config/nvim/init.lua:0
071.046  000.001  000.001: sourcing nvim_exec2() called at /Users/luiz/.config/nvim/init.lua:0
071.050  000.001  000.001: sourcing nvim_exec2() called at /Users/luiz/.config/nvim/init.lua:0
071.054  000.001  000.001: sourcing nvim_exec2() called at /Users/luiz/.config/nvim/init.lua:0
071.058  000.001  000.001: sourcing nvim_exec2() called at /Users/luiz/.config/nvim/init.lua:0
071.063  000.001  000.001: sourcing nvim_exec2() called at /Users/luiz/.config/nvim/init.lua:0
071.066  000.001  000.001: sourcing nvim_exec2() called at /Users/luiz/.config/nvim/init.lua:0
071.085  000.001  000.001: sourcing nvim_exec2() called at /Users/luiz/.config/nvim/init.lua:0
071.088  000.001  000.001: sourcing nvim_exec2() called at /Users/luiz/.config/nvim/init.lua:0
071.108  000.001  000.001: sourcing nvim_exec2() called at /Users/luiz/.config/nvim/init.lua:0
071.111  000.001  000.001: sourcing nvim_exec2() called at /Users/luiz/.config/nvim/init.lua:0
071.200  000.004  000.004: sourcing nvim_exec2() called at /Users/luiz/.config/nvim/init.lua:0
071.204  000.001  000.001: sourcing nvim_exec2() called at /Users/luiz/.config/nvim/init.lua:0
071.207  000.002  000.002: sourcing nvim_exec2() called at /Users/luiz/.config/nvim/init.lua:0
071.211  000.002  000.002: sourcing nvim_exec2() called at /Users/luiz/.config/nvim/init.lua:0
071.486  000.002  000.002: sourcing nvim_exec2() called at /Users/luiz/.config/nvim/init.lua:0
071.491  000.001  000.001: sourcing nvim_exec2() called at /Users/luiz/.config/nvim/init.lua:0
071.494  000.001  000.001: sourcing nvim_exec2() called at /Users/luiz/.config/nvim/init.lua:0
071.497  000.001  000.001: sourcing nvim_exec2() called at /Users/luiz/.config/nvim/init.lua:0
071.500  000.001  000.001: sourcing nvim_exec2() called at /Users/luiz/.config/nvim/init.lua:0
071.504  000.001  000.001: sourcing nvim_exec2() called at /Users/luiz/.config/nvim/init.lua:0
071.507  000.001  000.001: sourcing nvim_exec2() called at /Users/luiz/.config/nvim/init.lua:0
071.511  000.001  000.001: sourcing nvim_exec2() called at /Users/luiz/.config/nvim/init.lua:0
071.515  000.001  000.001: sourcing nvim_exec2() called at /Users/luiz/.config/nvim/init.lua:0
071.518  000.001  000.001: sourcing nvim_exec2() called at /Users/luiz/.config/nvim/init.lua:0
071.521  000.001  000.001: sourcing nvim_exec2() called at /Users/luiz/.config/nvim/init.lua:0
071.525  000.001  000.001: sourcing nvim_exec2() called at /Users/luiz/.config/nvim/init.lua:0
071.528  000.001  000.001: sourcing nvim_exec2() called at /Users/luiz/.config/nvim/init.lua:0
071.532  000.001  000.001: sourcing nvim_exec2() called at /Users/luiz/.config/nvim/init.lua:0
071.536  000.001  000.001: sourcing nvim_exec2() called at /Users/luiz/.config/nvim/init.lua:0
071.539  000.001  000.001: sourcing nvim_exec2() called at /Users/luiz/.config/nvim/init.lua:0
071.542  000.001  000.001: sourcing nvim_exec2() called at /Users/luiz/.config/nvim/init.lua:0
071.545  000.001  000.001: sourcing nvim_exec2() called at /Users/luiz/.config/nvim/init.lua:0
071.548  000.001  000.001: sourcing nvim_exec2() called at /Users/luiz/.config/nvim/init.lua:0
071.551  000.001  000.001: sourcing nvim_exec2() called at /Users/luiz/.config/nvim/init.lua:0
071.554  000.001  000.001: sourcing nvim_exec2() called at /Users/luiz/.config/nvim/init.lua:0
071.559  000.001  000.001: sourcing nvim_exec2() called at /Users/luiz/.config/nvim/init.lua:0
071.562  000.001  000.001: sourcing nvim_exec2() called at /Users/luiz/.config/nvim/init.lua:0
071.565  000.001  000.001: sourcing nvim_exec2() called at /Users/luiz/.config/nvim/init.lua:0
071.569  000.001  000.001: sourcing nvim_exec2() called at /Users/luiz/.config/nvim/init.lua:0
071.572  000.001  000.001: sourcing nvim_exec2() called at /Users/luiz/.config/nvim/init.lua:0
071.575  000.001  000.001: sourcing nvim_exec2() called at /Users/luiz/.config/nvim/init.lua:0
071.578  000.001  000.001: sourcing nvim_exec2() called at /Users/luiz/.config/nvim/init.lua:0
071.618  000.002  000.002: sourcing nvim_exec2() called at /Users/luiz/.config/nvim/init.lua:0
071.621  000.001  000.001: sourcing nvim_exec2() called at /Users/luiz/.config/nvim/init.lua:0
071.624  000.001  000.001: sourcing nvim_exec2() called at /Users/luiz/.config/nvim/init.lua:0
071.628  000.001  000.001: sourcing nvim_exec2() called at /Users/luiz/.config/nvim/init.lua:0
071.631  000.001  000.001: sourcing nvim_exec2() called at /Users/luiz/.config/nvim/init.lua:0
071.634  000.001  000.001: sourcing nvim_exec2() called at /Users/luiz/.config/nvim/init.lua:0
071.681  000.001  000.001: sourcing nvim_exec2() called at /Users/luiz/.config/nvim/init.lua:0
072.026  000.004  000.004: sourcing nvim_exec2() called at /Users/luiz/.config/nvim/init.lua:0
072.037  000.003  000.003: sourcing nvim_exec2() called at /Users/luiz/.config/nvim/init.lua:0
072.046  000.006  000.006: sourcing nvim_exec2() called at /Users/luiz/.config/nvim/init.lua:0
072.054  000.007  000.007: sourcing nvim_exec2() called at /Users/luiz/.config/nvim/init.lua:0
072.058  000.002  000.002: sourcing nvim_exec2() called at /Users/luiz/.config/nvim/init.lua:0
072.101  000.001  000.001: sourcing nvim_exec2() called at /Users/luiz/.config/nvim/init.lua:0
072.105  000.001  000.001: sourcing nvim_exec2() called at /Users/luiz/.config/nvim/init.lua:0
072.483  000.376  000.376: require('onedark')
074.016  000.078  000.078: require('onedark')
074.181  000.151  000.151: sourcing nvim_exec2() called at /Users/luiz/.local/share/nvim/lazy/onedark.nvim/colors/onedark.lua:0
074.294  000.110  000.110: sourcing nvim_exec2() called at /Users/luiz/.local/share/nvim/lazy/onedark.nvim/colors/onedark.lua:0
074.724  000.110  000.110: require('onedark.palette')
074.760  000.260  000.150: require('onedark.colors')
074.853  000.086  000.086: require('onedark.util')
075.001  000.699  000.354: require('onedark.highlights')
076.386  000.099  000.099: require('onedark.terminal')
076.392  003.300  002.164: sourcing /Users/luiz/.local/share/nvim/lazy/onedark.nvim/colors/onedark.lua
077.722  000.007  000.007: sourcing nvim_exec2() called at ColorScheme Autocommands for "*":0
077.726  000.001  000.001: sourcing nvim_exec2() called at ColorScheme Autocommands for "*":0
077.728  000.001  000.001: sourcing nvim_exec2() called at ColorScheme Autocommands for "*":0
077.730  000.001  000.001: sourcing nvim_exec2() called at ColorScheme Autocommands for "*":0
077.732  000.001  000.001: sourcing nvim_exec2() called at ColorScheme Autocommands for "*":0
077.734  000.001  000.001: sourcing nvim_exec2() called at ColorScheme Autocommands for "*":0
077.735  000.001  000.001: sourcing nvim_exec2() called at ColorScheme Autocommands for "*":0
077.737  000.001  000.001: sourcing nvim_exec2() called at ColorScheme Autocommands for "*":0
077.739  000.001  000.001: sourcing nvim_exec2() called at ColorScheme Autocommands for "*":0
077.741  000.001  000.001: sourcing nvim_exec2() called at ColorScheme Autocommands for "*":0
077.743  000.001  000.001: sourcing nvim_exec2() called at ColorScheme Autocommands for "*":0
077.744  000.001  000.001: sourcing nvim_exec2() called at ColorScheme Autocommands for "*":0
077.746  000.001  000.001: sourcing nvim_exec2() called at ColorScheme Autocommands for "*":0
077.748  000.001  000.001: sourcing nvim_exec2() called at ColorScheme Autocommands for "*":0
077.750  000.001  000.001: sourcing nvim_exec2() called at ColorScheme Autocommands for "*":0
077.752  000.001  000.001: sourcing nvim_exec2() called at ColorScheme Autocommands for "*":0
077.753  000.001  000.001: sourcing nvim_exec2() called at ColorScheme Autocommands for "*":0
077.755  000.001  000.001: sourcing nvim_exec2() called at ColorScheme Autocommands for "*":0
077.757  000.001  000.001: sourcing nvim_exec2() called at ColorScheme Autocommands for "*":0
077.758  000.001  000.001: sourcing nvim_exec2() called at ColorScheme Autocommands for "*":0
077.760  000.001  000.001: sourcing nvim_exec2() called at ColorScheme Autocommands for "*":0
077.762  000.001  000.001: sourcing nvim_exec2() called at ColorScheme Autocommands for "*":0
077.763  000.001  000.001: sourcing nvim_exec2() called at ColorScheme Autocommands for "*":0
077.765  000.001  000.001: sourcing nvim_exec2() called at ColorScheme Autocommands for "*":0
077.767  000.001  000.001: sourcing nvim_exec2() called at ColorScheme Autocommands for "*":0
077.768  000.001  000.001: sourcing nvim_exec2() called at ColorScheme Autocommands for "*":0
077.770  000.001  000.001: sourcing nvim_exec2() called at ColorScheme Autocommands for "*":0
077.771  000.001  000.001: sourcing nvim_exec2() called at ColorScheme Autocommands for "*":0
077.773  000.001  000.001: sourcing nvim_exec2() called at ColorScheme Autocommands for "*":0
077.775  000.001  000.001: sourcing nvim_exec2() called at ColorScheme Autocommands for "*":0
077.776  000.001  000.001: sourcing nvim_exec2() called at ColorScheme Autocommands for "*":0
077.805  000.001  000.001: sourcing nvim_exec2() called at ColorScheme Autocommands for "*":0
077.809  000.001  000.001: sourcing nvim_exec2() called at ColorScheme Autocommands for "*":0
077.815  000.001  000.001: sourcing nvim_exec2() called at ColorScheme Autocommands for "*":0
077.816  000.001  000.001: sourcing nvim_exec2() called at ColorScheme Autocommands for "*":0
077.818  000.001  000.001: sourcing nvim_exec2() called at ColorScheme Autocommands for "*":0
077.820  000.001  000.001: sourcing nvim_exec2() called at ColorScheme Autocommands for "*":0
077.822  000.001  000.001: sourcing nvim_exec2() called at ColorScheme Autocommands for "*":0
077.823  000.001  000.001: sourcing nvim_exec2() called at ColorScheme Autocommands for "*":0
077.825  000.001  000.001: sourcing nvim_exec2() called at ColorScheme Autocommands for "*":0
077.826  000.001  000.001: sourcing nvim_exec2() called at ColorScheme Autocommands for "*":0
077.828  000.001  000.001: sourcing nvim_exec2() called at ColorScheme Autocommands for "*":0
077.830  000.001  000.001: sourcing nvim_exec2() called at ColorScheme Autocommands for "*":0
077.832  000.001  000.001: sourcing nvim_exec2() called at ColorScheme Autocommands for "*":0
077.833  000.001  000.001: sourcing nvim_exec2() called at ColorScheme Autocommands for "*":0
077.835  000.001  000.001: sourcing nvim_exec2() called at ColorScheme Autocommands for "*":0
077.836  000.001  000.001: sourcing nvim_exec2() called at ColorScheme Autocommands for "*":0
077.839  000.001  000.001: sourcing nvim_exec2() called at ColorScheme Autocommands for "*":0
077.840  000.001  000.001: sourcing nvim_exec2() called at ColorScheme Autocommands for "*":0
077.842  000.001  000.001: sourcing nvim_exec2() called at ColorScheme Autocommands for "*":0
077.843  000.001  000.001: sourcing nvim_exec2() called at ColorScheme Autocommands for "*":0
077.845  000.001  000.001: sourcing nvim_exec2() called at ColorScheme Autocommands for "*":0
077.848  000.001  000.001: sourcing nvim_exec2() called at ColorScheme Autocommands for "*":0
077.851  000.001  000.001: sourcing nvim_exec2() called at ColorScheme Autocommands for "*":0
077.853  000.001  000.001: sourcing nvim_exec2() called at ColorScheme Autocommands for "*":0
077.855  000.001  000.001: sourcing nvim_exec2() called at ColorScheme Autocommands for "*":0
077.856  000.001  000.001: sourcing nvim_exec2() called at ColorScheme Autocommands for "*":0
077.858  000.001  000.001: sourcing nvim_exec2() called at ColorScheme Autocommands for "*":0
077.860  000.001  000.001: sourcing nvim_exec2() called at ColorScheme Autocommands for "*":0
077.862  000.001  000.001: sourcing nvim_exec2() called at ColorScheme Autocommands for "*":0
077.863  000.001  000.001: sourcing nvim_exec2() called at ColorScheme Autocommands for "*":0
077.865  000.001  000.001: sourcing nvim_exec2() called at ColorScheme Autocommands for "*":0
077.866  000.001  000.001: sourcing nvim_exec2() called at ColorScheme Autocommands for "*":0
077.868  000.001  000.001: sourcing nvim_exec2() called at ColorScheme Autocommands for "*":0
077.870  000.001  000.001: sourcing nvim_exec2() called at ColorScheme Autocommands for "*":0
077.871  000.001  000.001: sourcing nvim_exec2() called at ColorScheme Autocommands for "*":0
077.873  000.001  000.001: sourcing nvim_exec2() called at ColorScheme Autocommands for "*":0
077.874  000.001  000.001: sourcing nvim_exec2() called at ColorScheme Autocommands for "*":0
077.876  000.001  000.001: sourcing nvim_exec2() called at ColorScheme Autocommands for "*":0
077.877  000.001  000.001: sourcing nvim_exec2() called at ColorScheme Autocommands for "*":0
077.879  000.001  000.001: sourcing nvim_exec2() called at ColorScheme Autocommands for "*":0
077.881  000.001  000.001: sourcing nvim_exec2() called at ColorScheme Autocommands for "*":0
077.883  000.001  000.001: sourcing nvim_exec2() called at ColorScheme Autocommands for "*":0
077.884  000.001  000.001: sourcing nvim_exec2() called at ColorScheme Autocommands for "*":0
077.886  000.001  000.001: sourcing nvim_exec2() called at ColorScheme Autocommands for "*":0
077.888  000.001  000.001: sourcing nvim_exec2() called at ColorScheme Autocommands for "*":0
077.889  000.001  000.001: sourcing nvim_exec2() called at ColorScheme Autocommands for "*":0
077.891  000.001  000.001: sourcing nvim_exec2() called at ColorScheme Autocommands for "*":0
077.892  000.001  000.001: sourcing nvim_exec2() called at ColorScheme Autocommands for "*":0
077.894  000.001  000.001: sourcing nvim_exec2() called at ColorScheme Autocommands for "*":0
077.896  000.001  000.001: sourcing nvim_exec2() called at ColorScheme Autocommands for "*":0
077.897  000.001  000.001: sourcing nvim_exec2() called at ColorScheme Autocommands for "*":0
077.899  000.001  000.001: sourcing nvim_exec2() called at ColorScheme Autocommands for "*":0
077.900  000.001  000.001: sourcing nvim_exec2() called at ColorScheme Autocommands for "*":0
077.915  000.002  000.002: sourcing nvim_exec2() called at ColorScheme Autocommands for "*":0
077.957  000.002  000.002: sourcing nvim_exec2() called at ColorScheme Autocommands for "*":0
077.977  000.001  000.001: sourcing nvim_exec2() called at ColorScheme Autocommands for "*":0
077.981  000.001  000.001: sourcing nvim_exec2() called at ColorScheme Autocommands for "*":0
077.986  000.001  000.001: sourcing nvim_exec2() called at ColorScheme Autocommands for "*":0
077.990  000.001  000.001: sourcing nvim_exec2() called at ColorScheme Autocommands for "*":0
077.993  000.001  000.001: sourcing nvim_exec2() called at ColorScheme Autocommands for "*":0
077.998  000.001  000.001: sourcing nvim_exec2() called at ColorScheme Autocommands for "*":0
078.002  000.001  000.001: sourcing nvim_exec2() called at ColorScheme Autocommands for "*":0
078.006  000.001  000.001: sourcing nvim_exec2() called at ColorScheme Autocommands for "*":0
078.010  000.001  000.001: sourcing nvim_exec2() called at ColorScheme Autocommands for "*":0
078.013  000.001  000.001: sourcing nvim_exec2() called at ColorScheme Autocommands for "*":0
078.016  000.001  000.001: sourcing nvim_exec2() called at ColorScheme Autocommands for "*":0
078.020  000.001  000.001: sourcing nvim_exec2() called at ColorScheme Autocommands for "*":0
078.023  000.001  000.001: sourcing nvim_exec2() called at ColorScheme Autocommands for "*":0
078.025  000.001  000.001: sourcing nvim_exec2() called at ColorScheme Autocommands for "*":0
078.029  000.001  000.001: sourcing nvim_exec2() called at ColorScheme Autocommands for "*":0
078.034  000.001  000.001: sourcing nvim_exec2() called at ColorScheme Autocommands for "*":0
078.037  000.001  000.001: sourcing nvim_exec2() called at ColorScheme Autocommands for "*":0
078.043  000.004  000.004: sourcing nvim_exec2() called at ColorScheme Autocommands for "*":0
078.091  000.002  000.002: sourcing nvim_exec2() called at ColorScheme Autocommands for "*":0
078.095  000.002  000.002: sourcing nvim_exec2() called at ColorScheme Autocommands for "*":0
078.124  000.002  000.002: sourcing nvim_exec2() called at ColorScheme Autocommands for "*":0
078.166  000.001  000.001: sourcing nvim_exec2() called at ColorScheme Autocommands for "*":0
078.172  000.001  000.001: sourcing nvim_exec2() called at ColorScheme Autocommands for "*":0
078.175  000.001  000.001: sourcing nvim_exec2() called at ColorScheme Autocommands for "*":0
078.179  000.001  000.001: sourcing nvim_exec2() called at ColorScheme Autocommands for "*":0
078.183  000.001  000.001: sourcing nvim_exec2() called at ColorScheme Autocommands for "*":0
078.188  000.001  000.001: sourcing nvim_exec2() called at ColorScheme Autocommands for "*":0
078.192  000.001  000.001: sourcing nvim_exec2() called at ColorScheme Autocommands for "*":0
078.196  000.001  000.001: sourcing nvim_exec2() called at ColorScheme Autocommands for "*":0
078.199  000.001  000.001: sourcing nvim_exec2() called at ColorScheme Autocommands for "*":0
078.203  000.001  000.001: sourcing nvim_exec2() called at ColorScheme Autocommands for "*":0
078.206  000.001  000.001: sourcing nvim_exec2() called at ColorScheme Autocommands for "*":0
078.220  000.001  000.001: sourcing nvim_exec2() called at ColorScheme Autocommands for "*":0
078.226  000.001  000.001: sourcing nvim_exec2() called at ColorScheme Autocommands for "*":0
078.231  000.001  000.001: sourcing nvim_exec2() called at ColorScheme Autocommands for "*":0
078.234  000.001  000.001: sourcing nvim_exec2() called at ColorScheme Autocommands for "*":0
078.238  000.001  000.001: sourcing nvim_exec2() called at ColorScheme Autocommands for "*":0
078.242  000.001  000.001: sourcing nvim_exec2() called at ColorScheme Autocommands for "*":0
078.245  000.001  000.001: sourcing nvim_exec2() called at ColorScheme Autocommands for "*":0
078.248  000.001  000.001: sourcing nvim_exec2() called at ColorScheme Autocommands for "*":0
078.252  000.001  000.001: sourcing nvim_exec2() called at ColorScheme Autocommands for "*":0
078.260  000.005  000.005: sourcing nvim_exec2() called at ColorScheme Autocommands for "*":0
078.263  000.001  000.001: sourcing nvim_exec2() called at ColorScheme Autocommands for "*":0
078.266  000.001  000.001: sourcing nvim_exec2() called at ColorScheme Autocommands for "*":0
078.269  000.002  000.002: sourcing nvim_exec2() called at ColorScheme Autocommands for "*":0
078.291  000.001  000.001: sourcing nvim_exec2() called at ColorScheme Autocommands for "*":0
078.294  000.001  000.001: sourcing nvim_exec2() called at ColorScheme Autocommands for "*":0
078.298  000.001  000.001: sourcing nvim_exec2() called at ColorScheme Autocommands for "*":0
078.301  000.001  000.001: sourcing nvim_exec2() called at ColorScheme Autocommands for "*":0
078.305  000.001  000.001: sourcing nvim_exec2() called at ColorScheme Autocommands for "*":0
078.343  000.001  000.001: sourcing nvim_exec2() called at ColorScheme Autocommands for "*":0
078.389  000.001  000.001: sourcing nvim_exec2() called at ColorScheme Autocommands for "*":0
078.396  000.001  000.001: sourcing nvim_exec2() called at ColorScheme Autocommands for "*":0
078.401  000.001  000.001: sourcing nvim_exec2() called at ColorScheme Autocommands for "*":0
078.405  000.001  000.001: sourcing nvim_exec2() called at ColorScheme Autocommands for "*":0
078.409  000.001  000.001: sourcing nvim_exec2() called at ColorScheme Autocommands for "*":0
078.413  000.001  000.001: sourcing nvim_exec2() called at ColorScheme Autocommands for "*":0
078.417  000.001  000.001: sourcing nvim_exec2() called at ColorScheme Autocommands for "*":0
078.459  000.001  000.001: sourcing nvim_exec2() called at ColorScheme Autocommands for "*":0
078.463  000.001  000.001: sourcing nvim_exec2() called at ColorScheme Autocommands for "*":0
078.467  000.001  000.001: sourcing nvim_exec2() called at ColorScheme Autocommands for "*":0
078.471  000.001  000.001: sourcing nvim_exec2() called at ColorScheme Autocommands for "*":0
078.475  000.001  000.001: sourcing nvim_exec2() called at ColorScheme Autocommands for "*":0
078.478  000.001  000.001: sourcing nvim_exec2() called at ColorScheme Autocommands for "*":0
078.516  000.001  000.001: sourcing nvim_exec2() called at ColorScheme Autocommands for "*":0
078.555  000.001  000.001: sourcing nvim_exec2() called at ColorScheme Autocommands for "*":0
078.560  000.001  000.001: sourcing nvim_exec2() called at ColorScheme Autocommands for "*":0
078.563  000.001  000.001: sourcing nvim_exec2() called at ColorScheme Autocommands for "*":0
078.567  000.001  000.001: sourcing nvim_exec2() called at ColorScheme Autocommands for "*":0
078.573  000.001  000.001: sourcing nvim_exec2() called at ColorScheme Autocommands for "*":0
078.576  000.001  000.001: sourcing nvim_exec2() called at ColorScheme Autocommands for "*":0
078.613  000.001  000.001: sourcing nvim_exec2() called at ColorScheme Autocommands for "*":0
078.653  000.001  000.001: sourcing nvim_exec2() called at ColorScheme Autocommands for "*":0
078.667  000.001  000.001: sourcing nvim_exec2() called at ColorScheme Autocommands for "*":0
078.671  000.001  000.001: sourcing nvim_exec2() called at ColorScheme Autocommands for "*":0
078.711  000.001  000.001: sourcing nvim_exec2() called at ColorScheme Autocommands for "*":0
078.748  000.001  000.001: sourcing nvim_exec2() called at ColorScheme Autocommands for "*":0
078.784  000.001  000.001: sourcing nvim_exec2() called at ColorScheme Autocommands for "*":0
078.823  000.001  000.001: sourcing nvim_exec2() called at ColorScheme Autocommands for "*":0
078.833  000.001  000.001: sourcing nvim_exec2() called at ColorScheme Autocommands for "*":0
078.924  000.005  000.005: sourcing nvim_exec2() called at ColorScheme Autocommands for "*":0
078.932  000.002  000.002: sourcing nvim_exec2() called at ColorScheme Autocommands for "*":0
078.939  000.006  000.006: sourcing nvim_exec2() called at ColorScheme Autocommands for "*":0
078.944  000.003  000.003: sourcing nvim_exec2() called at ColorScheme Autocommands for "*":0
078.948  000.002  000.002: sourcing nvim_exec2() called at ColorScheme Autocommands for "*":0
078.953  006.361  002.888: sourcing nvim_exec2() called at /Users/luiz/.config/nvim/init.lua:0
079.022  000.001  000.001: sourcing nvim_exec2() called at /Users/luiz/.config/nvim/init.lua:0
079.028  000.001  000.001: sourcing nvim_exec2() called at /Users/luiz/.config/nvim/init.lua:0
079.766  000.131  000.131: require('auto-session.config')
079.768  000.255  000.124: require('auto-session.logger')
079.790  000.443  000.187: require('auto-session.lib')
079.798  000.739  000.296: require('auto-session')
080.440  000.118  000.118: require('auto-session.autocmds')
080.605  000.125  000.125: require('auto-session.pickers.telescope')
080.923  000.051  000.051: sourcing /Users/luiz/.local/share/nvim/lazy/plenary.nvim/plugin/plenary.vim
080.925  000.096  000.045: sourcing nvim_exec2() called at /Users/luiz/.config/nvim/init.lua:0
080.929  000.001  000.001: sourcing nvim_exec2() called at /Users/luiz/.config/nvim/init.lua:0
080.935  000.001  000.001: sourcing nvim_exec2() called at /Users/luiz/.config/nvim/init.lua:0
081.172  000.001  000.001: sourcing nvim_exec2() called at /Users/luiz/.config/nvim/init.lua:0
081.177  000.001  000.001: sourcing nvim_exec2() called at /Users/luiz/.config/nvim/init.lua:0
081.418  000.170  000.170: sourcing /Users/luiz/.local/share/nvim/lazy/telescope.nvim/plugin/telescope.lua
081.421  000.211  000.040: sourcing nvim_exec2() called at /Users/luiz/.config/nvim/init.lua:0
081.426  000.001  000.001: sourcing nvim_exec2() called at /Users/luiz/.config/nvim/init.lua:0
081.433  000.001  000.001: sourcing nvim_exec2() called at /Users/luiz/.config/nvim/init.lua:0
081.874  000.108  000.108: require('telescope._extensions')
081.877  000.442  000.333: require('telescope')
082.825  000.200  000.200: require('plenary.bit')
082.956  000.130  000.130: require('plenary.functional')
082.981  000.566  000.235: require('plenary.path')
082.990  000.725  000.159: require('plenary.strings')
083.112  000.121  000.121: require('telescope.deprecated')
083.903  000.355  000.355: require('plenary.log')
083.965  000.682  000.327: require('telescope.log')
084.963  000.325  000.325: require('plenary.compat')
084.986  000.744  000.419: require('plenary.job')
085.166  000.179  000.179: require('telescope.state')
085.199  001.233  000.309: require('telescope.utils')
085.215  002.102  000.187: require('telescope.sorters')
087.241  005.172  002.223: require('telescope.config')
087.648  000.103  000.103: require('plenary.window.border')
087.773  000.124  000.124: require('plenary.window')
087.859  000.084  000.084: require('plenary.popup.utils')
087.861  000.617  000.306: require('plenary.popup')
087.951  000.089  000.089: require('telescope.pickers.scroller')
088.039  000.087  000.087: require('telescope.actions.state')
088.165  000.125  000.125: require('telescope.actions.utils')
088.373  000.086  000.086: require('telescope.actions.mt')
088.380  000.215  000.129: require('telescope.actions.set')
088.551  000.085  000.085: require('telescope.config.resolve')
088.552  000.171  000.086: require('telescope.pickers.entry_display')
088.628  000.076  000.076: require('telescope.from_entry')
088.760  006.882  000.332: require('telescope.actions')
090.119  000.502  000.502: require('fzf_lib')
090.160  000.685  000.184: require('telescope._extensions.fzf')
090.409  000.057  000.057: sourcing /opt/homebrew/Cellar/neovim/0.11.1/share/nvim/runtime/plugin/editorconfig.lua
090.413  000.130  000.074: sourcing nvim_exec2() called at /Users/luiz/.config/nvim/init.lua:0
090.556  000.102  000.102: sourcing /opt/homebrew/Cellar/neovim/0.11.1/share/nvim/runtime/plugin/gzip.vim
090.558  000.141  000.039: sourcing nvim_exec2() called at /Users/luiz/.config/nvim/init.lua:0
090.675  000.047  000.047: sourcing /opt/homebrew/Cellar/neovim/0.11.1/share/nvim/runtime/plugin/man.lua
090.677  000.086  000.039: sourcing nvim_exec2() called at /Users/luiz/.config/nvim/init.lua:0
091.278  000.115  000.115: sourcing /opt/homebrew/Cellar/neovim/0.11.1/share/nvim/runtime/pack/dist/opt/matchit/plugin/matchit.vim
091.287  000.568  000.453: sourcing /opt/homebrew/Cellar/neovim/0.11.1/share/nvim/runtime/plugin/matchit.vim
091.289  000.610  000.042: sourcing nvim_exec2() called at /Users/luiz/.config/nvim/init.lua:0
091.416  000.086  000.086: sourcing /opt/homebrew/Cellar/neovim/0.11.1/share/nvim/runtime/plugin/matchparen.vim
091.418  000.125  000.039: sourcing nvim_exec2() called at /Users/luiz/.config/nvim/init.lua:0
091.465  000.007  000.007: sourcing /opt/homebrew/Cellar/neovim/0.11.1/share/nvim/runtime/plugin/netrwPlugin.vim
091.468  000.047  000.040: sourcing nvim_exec2() called at /Users/luiz/.config/nvim/init.lua:0
091.550  000.044  000.044: sourcing /opt/homebrew/Cellar/neovim/0.11.1/share/nvim/runtime/plugin/osc52.lua
091.552  000.082  000.038: sourcing nvim_exec2() called at /Users/luiz/.config/nvim/init.lua:0
091.691  000.098  000.098: sourcing /opt/homebrew/Cellar/neovim/0.11.1/share/nvim/runtime/plugin/rplugin.vim
091.692  000.138  000.040: sourcing nvim_exec2() called at /Users/luiz/.config/nvim/init.lua:0
091.762  000.031  000.031: sourcing /opt/homebrew/Cellar/neovim/0.11.1/share/nvim/runtime/plugin/shada.vim
091.764  000.069  000.038: sourcing nvim_exec2() called at /Users/luiz/.config/nvim/init.lua:0
091.813  000.009  000.009: sourcing /opt/homebrew/Cellar/neovim/0.11.1/share/nvim/runtime/plugin/spellfile.vim
091.815  000.049  000.040: sourcing nvim_exec2() called at /Users/luiz/.config/nvim/init.lua:0
091.928  000.067  000.067: sourcing /opt/homebrew/Cellar/neovim/0.11.1/share/nvim/runtime/plugin/tarPlugin.vim
091.929  000.112  000.045: sourcing nvim_exec2() called at /Users/luiz/.config/nvim/init.lua:0
092.022  000.051  000.051: sourcing /opt/homebrew/Cellar/neovim/0.11.1/share/nvim/runtime/plugin/tohtml.lua
092.023  000.092  000.041: sourcing nvim_exec2() called at /Users/luiz/.config/nvim/init.lua:0
092.075  000.009  000.009: sourcing /opt/homebrew/Cellar/neovim/0.11.1/share/nvim/runtime/plugin/tutor.vim
092.076  000.050  000.040: sourcing nvim_exec2() called at /Users/luiz/.config/nvim/init.lua:0
092.182  000.066  000.066: sourcing /opt/homebrew/Cellar/neovim/0.11.1/share/nvim/runtime/plugin/zipPlugin.vim
092.184  000.106  000.040: sourcing nvim_exec2() called at /Users/luiz/.config/nvim/init.lua:0
092.318  084.404  028.229: require('luiz.lazy')
092.319  085.588  000.036: sourcing /Users/luiz/.config/nvim/init.lua
092.326  000.831: sourcing vimrc file(s)
092.609  000.033  000.033: sourcing /opt/homebrew/Cellar/neovim/0.11.1/share/nvim/runtime/filetype.lua
092.794  000.036  000.036: sourcing /opt/homebrew/Cellar/neovim/0.11.1/share/nvim/runtime/syntax/synload.vim
092.833  000.162  000.126: sourcing /opt/homebrew/Cellar/neovim/0.11.1/share/nvim/runtime/syntax/syntax.vim
092.841  000.319: inits 3
093.353  000.512: reading ShaDa
093.412  000.059: opening buffers
093.536  000.124: BufEnter autocommands
093.538  000.002: editing files in windows
093.659  000.002  000.002: sourcing nvim_exec2() called at VimEnter Autocommands for "*":0
093.664  000.001  000.001: sourcing nvim_exec2() called at VimEnter Autocommands for "*":0
094.124  000.455  000.455: require('alpha')
094.228  000.103  000.103: require('alpha.themes.dashboard')
094.264  000.003  000.003: sourcing nvim_exec2() called at VimEnter Autocommands for "*":0
096.626  000.106  000.106: require('vim.version')
097.995  000.100  000.100: require('lazy.util')
097.997  000.198  000.098: require('lazy.view.diff')
098.180  000.089  000.089: require('lazy.view.config')
098.182  000.185  000.095: require('lazy.view.float')
098.534  000.115  000.115: require('lazy.async')
098.536  000.234  000.119: require('lazy.manage.process')
098.648  000.111  000.111: require('lazy.manage.semver')
098.651  000.468  000.122: require('lazy.manage.git')
098.864  000.084  000.084: require('lazy.view.sections')
098.948  000.083  000.083: require('lazy.view.text')
098.951  000.300  000.133: require('lazy.view.render')
098.954  001.287  000.137: require('lazy.view')
098.974  003.479: VimEnter autocommands
099.089  000.087  000.087: require('vim.termcap')
099.107  000.012  000.012: require('vim.text')
099.132  000.058: UIEnter autocommands
099.458  000.198  000.198: sourcing /opt/homebrew/Cellar/neovim/0.11.1/share/nvim/runtime/autoload/provider/clipboard.vim
099.462  000.132: before starting main loop
099.803  000.340: first screen update
099.803  000.001: --- NVIM STARTED ---

